<?xml version="1.0" encoding="UTF-8"?>
<!-- Generated by org.testng.reporters.JUnitXMLReporter -->
<testsuite hostname="DESKTOP-QBHDTU3" ignored="1" name="Command line test" tests="1" failures="0" timestamp="2022-03-08T23:37:13 IST" time="12.846" errors="0">
  <testcase name="LaunchFacebook" time="12.787" classname="com.akshay.training.ParallelTest"/>
  <testcase name="SignIn" time="0.0" classname="com.akshay.training.ParallelTest">
    <ignored/>
  </testcase> <!-- SignIn -->
</testsuite> <!-- Command line test -->
